 ****************************************************
 * SESSION INFO
 ****************************************************
 * QVMR: 2.10.2
 * Flow: tbx
 * Goals: sim
 * Flags: SIM_MODE=gui WAVES=fsdb WAVES_DUMP_ON=1 WAVES_FSDB_DUMP_MDA=1
 * Platform: LINUX64
 * Host: vl-xiaoshao-gridsdcb
 * Process ID: 104077
 * Makefile: /usr2/xiaoshao/uvm_training_labs/lab222/lab2/verif/tool_setup/qvmr/Makefile
 * Session started: Thu Mar 16 17:29:17 PDT 2017
 * Host Uptime:  17:29pm  up 13 days  5:18,  2 users,  load average: 0.14, 0.14, 0.19
 ****************************************************
 * TOOL INFO
 ****************************************************
 * Modelsim: 6.6g ($MODELTECH_VERSION)
 * Novas: 2012.07 ($NOVAS_VERSION)
 * DVT: 3.0.6.1 (DEFAULT)
 ****************************************************
 
[qbar.mk] Warning: DVT_VERSION environment variable definition detected from improper origin: undefined.  DVT_VERSION should be defined in the environment prior to invoking qbar.

 ****************************************************
[Thu Mar 16 17:29:36 PDT 2017] Make: Compiling DPI-C file: /usr2/xiaoshao/uvm_training_labs/lab222/lab2/libs/verification/quvm/release/src/dpi/uvm_dpi.cc ...
[Thu Mar 16 17:29:36 PDT 2017] Make: cd /usr2/xiaoshao/uvm_training_labs/lab222/lab2/unmanaged/qvmr/xiaoshao/simland/standalone/default/misc/LINUX64/6.6g && /pkg/qvmr/bin/Modelsim_gcc -qc_standalone        -DQUESTA -c -fPIC /usr2/xiaoshao/uvm_training_labs/lab222/lab2/libs/verification/quvm/release/src/dpi/uvm_dpi.cc -Bsymbolic -I/pkg/qct/software/modeltech/6.6g/include -o /usr2/xiaoshao/uvm_training_labs/lab222/lab2/unmanaged/qvmr/xiaoshao/simland/standalone/default/misc/LINUX64/6.6g/uvm_dpi.o

[Thu Mar 16 17:29:36 PDT 2017] Make: Link DPI library ...
[Thu Mar 16 17:29:36 PDT 2017] Make: cd /usr2/xiaoshao/uvm_training_labs/lab222/lab2/unmanaged/qvmr/xiaoshao/simland/standalone/default/misc/LINUX64/6.6g && /pkg/qvmr/bin/Modelsim_g++ -qc_standalone         /usr2/xiaoshao/uvm_training_labs/lab222/lab2/unmanaged/qvmr/xiaoshao/simland/standalone/default/misc/LINUX64/6.6g/uvm_dpi.o -fPIC -shared -Bsymbolic -o /usr2/xiaoshao/uvm_training_labs/lab222/lab2/unmanaged/qvmr/xiaoshao/simland/standalone/default/misc/LINUX64/6.6g/dpi_lib.so

